<?xml version="1.0" encoding="UTF-8"?>
<!-- Generated by org.testng.reporters.JUnitXMLReporter -->
<testsuite ignored="0" hostname="DESKTOP-GPE5M25" failures="0" tests="4" name="Default test" time="9.686" errors="0" timestamp="2024-04-28T12:01:13 IST">
  <testcase classname="api.test.UserTests" name="testPostUser" time="3.577"/>
  <testcase classname="api.test.UserTests" name="testGetUserByName" time="1.431"/>
  <testcase classname="api.test.UserTests" name="testUpdateUser" time="2.946"/>
  <testcase classname="api.test.UserTests" name="testDeleteUserByName" time="1.404"/>
</testsuite> <!-- Default test -->
